Using launch settings from src/FSBS.Api/Properties/launchSettings.json...
Building...
[16:05:35.778 DBG] Microsoft.Extensions.Hosting.Internal.Host: Hosting starting {"EventId": {"Id": 1, "Name": "Starting"}}
[16:05:35.794 INF] Microsoft.AspNetCore.DataProtection.KeyManagement.XmlKeyManager: User profile is available. Using '/Users/jamesmitchell/.aspnet/DataProtection-Keys' as key repository; keys will not be encrypted at rest. {"EventId": {"Id": 62, "Name": "UsingProfileAsKeyRepository"}}
[16:05:36.037 INF] Microsoft.Hosting.Lifetime: Now listening on: https://localhost:7177 {"EventId": {"Id": 14, "Name": "ListeningOnAddress"}}
[16:05:36.037 INF] Microsoft.Hosting.Lifetime: Now listening on: http://localhost:5222 {"EventId": {"Id": 14, "Name": "ListeningOnAddress"}}
[16:05:36.037 INF] Microsoft.Hosting.Lifetime: Application started. Press Ctrl+C to shut down. {}
[16:05:36.037 INF] Microsoft.Hosting.Lifetime: Hosting environment: Development {}
[16:05:36.037 INF] Microsoft.Hosting.Lifetime: Content root path: /Users/jamesmitchell/RiderProjects/FSBS/src/FSBS.Api {}
[16:05:36.037 DBG] Microsoft.Extensions.Hosting.Internal.Host: Hosting started {"EventId": {"Id": 2, "Name": "Started"}}
[16:05:39.392 INF] Microsoft.AspNetCore.Http.Result.OkObjectResult: Setting HTTP status code 200. {"EventId": {"Id": 1, "Name": "WritingResultAsStatusCode"}, "RequestId": "0HNLEKMCFR3FR:00000001", "RequestPath": "/health", "ConnectionId": "0HNLEKMCFR3FR"}
[16:05:39.393 INF] Microsoft.AspNetCore.Http.Result.OkObjectResult: Writing value of type '<>f__AnonymousType4`1' as Json. {"EventId": {"Id": 3, "Name": "WritingResultAsJson"}, "RequestId": "0HNLEKMCFR3FR:00000001", "RequestPath": "/health", "ConnectionId": "0HNLEKMCFR3FR"}
[16:05:39.395 INF] Serilog.AspNetCore.RequestLoggingMiddleware: HTTP GET /health responded 200 in 13.5165 ms {"RequestId": "0HNLEKMCFR3FR:00000001", "ConnectionId": "0HNLEKMCFR3FR"}
[16:05:45.380 INF] Microsoft.AspNetCore.Http.Result.OkObjectResult: Setting HTTP status code 200. {"EventId": {"Id": 1, "Name": "WritingResultAsStatusCode"}, "RequestId": "0HNLEKMCFR3FS:00000001", "RequestPath": "/dev/auth/token", "ConnectionId": "0HNLEKMCFR3FS"}
[16:05:45.381 INF] Microsoft.AspNetCore.Http.Result.OkObjectResult: Writing value of type '<>f__AnonymousType0`5' as Json. {"EventId": {"Id": 3, "Name": "WritingResultAsJson"}, "RequestId": "0HNLEKMCFR3FS:00000001", "RequestPath": "/dev/auth/token", "ConnectionId": "0HNLEKMCFR3FS"}
[16:05:45.381 INF] Serilog.AspNetCore.RequestLoggingMiddleware: HTTP POST /dev/auth/token responded 200 in 9.3890 ms {"RequestId": "0HNLEKMCFR3FS:00000001", "ConnectionId": "0HNLEKMCFR3FS"}
[16:05:45.732 WRN]  has a global query filter defined and is the required end of a relationship with the entity 'AccountStatement'. This may lead to unexpected results when the required entity is filtered out. Either configure the navigation as optional, or define matching query filters for both entities in the navigation. See https://go.microsoft.com/fwlink/?linkid=2131316 for more information. {"EventId": {"Id": 10622, "Name": "Microsoft.EntityFrameworkCore.Model.Validation.PossibleIncorrectRequiredNavigationWithQueryFilterInteractionWarning"}, "RequestId": "0HNLEKMCFR3FT:00000001", "RequestPath": "/dev/users/seed", "ConnectionId": "0HNLEKMCFR3FT"}
[16:05:45.732 WRN] Microsoft.EntityFrameworkCore.Model.Validation: Entity 'Booking' has a global query filter defined and Microsoft.EntityFrameworkCore.Model.Validation: Entity 'Organisation'is the required end of a relationship with the entity 'BookingApproval'. This may lead to unexpected results when the required entity is filtered out. Either configure the navigation as optional, or define matching query filters for both entities in the navigation. See https://go.microsoft.com/fwlink/?linkid=2131316 for more information. {"EventId": {"Id": 10622, "Name": "Microsoft.EntityFrameworkCore.Model.Validation.PossibleIncorrectRequiredNavigationWithQueryFilterInteractionWarning"}, "RequestId": "0HNLEKMCFR3FT:00000001", "RequestPath": "/dev/users/seed", "ConnectionId": "0HNLEKMCFR3FT"}
[16:05:45.732 WRN] Microsoft.EntityFrameworkCore.Model.Validation: Entity 'Booking' has a global query filter defined and is the required end of a relationship with the entity 'BookingDiscount'. This may lead to unexpected results when the required entity is filtered out. Either configure the navigation as optional, or define matching query filters for both entities in the navigation. See https://go.microsoft.com/fwlink/?linkid=2131316 for more information. {"EventId": {"Id": 10622, "Name": "Microsoft.EntityFrameworkCore.Model.Validation.PossibleIncorrectRequiredNavigationWithQueryFilterInteractionWarning"}, "RequestId": "0HNLEKMCFR3FT:00000001", "RequestPath": "/dev/users/seed", "ConnectionId": "0HNLEKMCFR3FT"}
[16:05:45.732 WRN] Microsoft.EntityFrameworkCore.Model.Validation: Entity 'Organisation' has a global query filter defined and is the required end of a relationship with the entity 'Invitation'. This may lead to unexpected results when the required entity is filtered out. Either configure the navigation as optional, or define matching query filters for both entities in the navigation. See https://go.microsoft.com/fwlink/?linkid=2131316 for more information. {"EventId": {"Id": 10622, "Name": "Microsoft.EntityFrameworkCore.Model.Validation.PossibleIncorrectRequiredNavigationWithQueryFilterInteractionWarning"}, "RequestId": "0HNLEKMCFR3FT:00000001", "RequestPath": "/dev/users/seed", "ConnectionId": "0HNLEKMCFR3FT"}
[16:05:45.732 WRN] Microsoft.EntityFrameworkCore.Model.Validation: Entity 'Organisation' has a global query filter defined and is the required end of a relationship with the entity 'OrgAccount'. This may lead to unexpected results when the required entity is filtered out. Either configure the navigation as optional, or define matching query filters for both entities in the navigation. See https://go.microsoft.com/fwlink/?linkid=2131316 for more information. {"EventId": {"Id": 10622, "Name": "Microsoft.EntityFrameworkCore.Model.Validation.PossibleIncorrectRequiredNavigationWithQueryFilterInteractionWarning"}, "RequestId": "0HNLEKMCFR3FT:00000001", "RequestPath": "/dev/users/seed", "ConnectionId": "0HNLEKMCFR3FT"}
[16:05:45.732 WRN] Microsoft.EntityFrameworkCore.Model.Validation: Entity 'Invoice' has a global query filter defined and is the required end of a relationship with the entity 'PaymentAllocation'. This may lead to unexpected results when the required entity is filtered out. Either configure the navigation as optional, or define matching query filters for both entities in the navigation. See https://go.microsoft.com/fwlink/?linkid=2131316 for more information. {"EventId": {"Id": 10622, "Name": "Microsoft.EntityFrameworkCore.Model.Validation.PossibleIncorrectRequiredNavigationWithQueryFilterInteractionWarning"}, "RequestId": "0HNLEKMCFR3FT:00000001", "RequestPath": "/dev/users/seed", "ConnectionId": "0HNLEKMCFR3FT"}
[16:05:45.732 WRN] Microsoft.EntityFrameworkCore.Model.Validation: Entity 'SimulatorBay' has a global query filter defined and is the required end of a relationship with the entity 'ReconfigurationSlot'. This may lead to unexpected results when the required entity is filtered out. Either configure the navigation as optional, or define matching query filters for both entities in the navigation. See https://go.microsoft.com/fwlink/?linkid=2131316 for more information. {"EventId": {"Id": 10622, "Name": "Microsoft.EntityFrameworkCore.Model.Validation.PossibleIncorrectRequiredNavigationWithQueryFilterInteractionWarning"}, "RequestId": "0HNLEKMCFR3FT:00000001", "RequestPath": "/dev/users/seed", "ConnectionId": "0HNLEKMCFR3FT"}
[16:05:45.732 WRN] Microsoft.EntityFrameworkCore.Model.Validation: Entity 'SimulatorConfiguration' has a global query filter defined and is the required end of a relationship with the entity 'ReconfigurationTemplate'. This may lead to unexpected results when the required entity is filtered out. Either configure the navigation as optional, or define matching query filters for both entities in the navigation. See https://go.microsoft.com/fwlink/?linkid=2131316 for more information. {"EventId": {"Id": 10622, "Name": "Microsoft.EntityFrameworkCore.Model.Validation.PossibleIncorrectRequiredNavigationWithQueryFilterInteractionWarning"}, "RequestId": "0HNLEKMCFR3FT:00000001", "RequestPath": "/dev/users/seed", "ConnectionId": "0HNLEKMCFR3FT"}
[16:05:45.732 WRN] Microsoft.EntityFrameworkCore.Model.Validation: Entity 'Report' has a global query filter defined and is the required end of a relationship with the entity 'ReportRun'. This may lead to unexpected results when the required entity is filtered out. Either configure the navigation as optional, or define matching query filters for both entities in the navigation. See https://go.microsoft.com/fwlink/?linkid=2131316 for more information. {"EventId": {"Id": 10622, "Name": "Microsoft.EntityFrameworkCore.Model.Validation.PossibleIncorrectRequiredNavigationWithQueryFilterInteractionWarning"}, "RequestId": "0HNLEKMCFR3FT:00000001", "RequestPath": "/dev/users/seed", "ConnectionId": "0HNLEKMCFR3FT"}
[16:05:45.732 WRN] Microsoft.EntityFrameworkCore.Model.Validation: Entity 'AppUser' has a global query filter defined and is the required end of a relationship with the entity 'UserProfile'. This may lead to unexpected results when the required entity is filtered out. Either configure the navigation as optional, or define matching query filters for both entities in the navigation. See https://go.microsoft.com/fwlink/?linkid=2131316 for more information. {"EventId": {"Id": 10622, "Name": "Microsoft.EntityFrameworkCore.Model.Validation.PossibleIncorrectRequiredNavigationWithQueryFilterInteractionWarning"}, "RequestId": "0HNLEKMCFR3FT:00000001", "RequestPath": "/dev/users/seed", "ConnectionId": "0HNLEKMCFR3FT"}
[16:05:45.947 INF] Microsoft.EntityFrameworkCore.Database.Command: Executed DbCommand (13ms) [Parameters=[@email='?'], CommandType='Text', CommandTimeout='30']
SELECT a.user_id, a.app_role, a.cognito_sub, a.created_at, a.created_by, a.email, a.is_active, a.is_deleted, a.tenant_id, a.updated_at, a.updated_by, a.xmin
FROM fsbs.app_users AS a
WHERE a.email = @email
LIMIT 1 {"EventId": {"Id": 20101, "Name": "Microsoft.EntityFrameworkCore.Database.Command.CommandExecuted"}, "RequestId": "0HNLEKMCFR3FT:00000001", "RequestPath": "/dev/users/seed", "ConnectionId": "0HNLEKMCFR3FT"}
[16:05:45.970 INF] Microsoft.AspNetCore.Http.Result.ConflictObjectResult: Setting HTTP status code 409. {"EventId": {"Id": 1, "Name": "WritingResultAsStatusCode"}, "RequestId": "0HNLEKMCFR3FT:00000001", "RequestPath": "/dev/users/seed", "ConnectionId": "0HNLEKMCFR3FT"}
[16:05:45.970 INF] Microsoft.AspNetCore.Http.Result.ConflictObjectResult: Writing value of type '<>f__AnonymousType2`2' as Json. {"EventId": {"Id": 3, "Name": "WritingResultAsJson"}, "RequestId": "0HNLEKMCFR3FT:00000001", "RequestPath": "/dev/users/seed", "ConnectionId": "0HNLEKMCFR3FT"}
[16:05:45.971 INF] Serilog.AspNetCore.RequestLoggingMiddleware: HTTP POST /dev/users/seed responded 409 in 544.6180 ms {"RequestId": "0HNLEKMCFR3FT:00000001", "ConnectionId": "0HNLEKMCFR3FT"}
[16:05:46.025 INF] Microsoft.EntityFrameworkCore.Database.Command: Executed DbCommand (1ms) [Parameters=[@email='?'], CommandType='Text', CommandTimeout='30']
SELECT a.user_id, a.app_role, a.cognito_sub, a.created_at, a.created_by, a.email, a.is_active, a.is_deleted, a.tenant_id, a.updated_at, a.updated_by, a.xmin
FROM fsbs.app_users AS a
WHERE a.email = @email
LIMIT 1 {"EventId": {"Id": 20101, "Name": "Microsoft.EntityFrameworkCore.Database.Command.CommandExecuted"}, "RequestId": "0HNLEKMCFR3FU:00000001", "RequestPath": "/dev/users/seed", "ConnectionId": "0HNLEKMCFR3FU"}
[16:05:46.025 INF] Microsoft.AspNetCore.Http.Result.ConflictObjectResult: Setting HTTP status code 409. {"EventId": {"Id": 1, "Name": "WritingResultAsStatusCode"}, "RequestId": "0HNLEKMCFR3FU:00000001", "RequestPath": "/dev/users/seed", "ConnectionId": "0HNLEKMCFR3FU"}
[16:05:46.025 INF] Microsoft.AspNetCore.Http.Result.ConflictObjectResult: Writing value of type '<>f__AnonymousType2`2' as Json. {"EventId": {"Id": 3, "Name": "WritingResultAsJson"}, "RequestId": "0HNLEKMCFR3FU:00000001", "RequestPath": "/dev/users/seed", "ConnectionId": "0HNLEKMCFR3FU"}
[16:05:46.025 INF] Serilog.AspNetCore.RequestLoggingMiddleware: HTTP POST /dev/users/seed responded 409 in 19.2973 ms {"RequestId": "0HNLEKMCFR3FU:00000001", "ConnectionId": "0HNLEKMCFR3FU"}
[16:05:46.070 INF] Microsoft.EntityFrameworkCore.Database.Command: Executed DbCommand (1ms) [Parameters=[@email='?'], CommandType='Text', CommandTimeout='30']
SELECT a.user_id, a.app_role, a.cognito_sub, a.created_at, a.created_by, a.email, a.is_active, a.is_deleted, a.tenant_id, a.updated_at, a.updated_by, a.xmin
FROM fsbs.app_users AS a
WHERE a.email = @email
LIMIT 1 {"EventId": {"Id": 20101, "Name": "Microsoft.EntityFrameworkCore.Database.Command.CommandExecuted"}, "RequestId": "0HNLEKMCFR3FV:00000001", "RequestPath": "/dev/users/seed", "ConnectionId": "0HNLEKMCFR3FV"}
[16:05:46.070 INF] Microsoft.AspNetCore.Http.Result.ConflictObjectResult: Setting HTTP status code 409. {"EventId": {"Id": 1, "Name": "WritingResultAsStatusCode"}, "RequestId": "0HNLEKMCFR3FV:00000001", "RequestPath": "/dev/users/seed", "ConnectionId": "0HNLEKMCFR3FV"}
[16:05:46.070 INF] Microsoft.AspNetCore.Http.Result.ConflictObjectResult: Writing value of type '<>f__AnonymousType2`2' as Json. {"EventId": {"Id": 3, "Name": "WritingResultAsJson"}, "RequestId": "0HNLEKMCFR3FV:00000001", "RequestPath": "/dev/users/seed", "ConnectionId": "0HNLEKMCFR3FV"}
[16:05:46.070 INF] Serilog.AspNetCore.RequestLoggingMiddleware: HTTP POST /dev/users/seed responded 409 in 7.4958 ms {"RequestId": "0HNLEKMCFR3FV:00000001", "ConnectionId": "0HNLEKMCFR3FV"}
[16:05:46.108 INF] Microsoft.EntityFrameworkCore.Database.Command: Executed DbCommand (1ms) [Parameters=[@email='?'], CommandType='Text', CommandTimeout='30']
SELECT a.user_id, a.app_role, a.cognito_sub, a.created_at, a.created_by, a.email, a.is_active, a.is_deleted, a.tenant_id, a.updated_at, a.updated_by, a.xmin
FROM fsbs.app_users AS a
WHERE a.email = @email
LIMIT 1 {"EventId": {"Id": 20101, "Name": "Microsoft.EntityFrameworkCore.Database.Command.CommandExecuted"}, "RequestId": "0HNLEKMCFR3G0:00000001", "RequestPath": "/dev/users/seed", "ConnectionId": "0HNLEKMCFR3G0"}
[16:05:46.108 INF] Microsoft.AspNetCore.Http.Result.ConflictObjectResult: Setting HTTP status code 409. {"EventId": {"Id": 1, "Name": "WritingResultAsStatusCode"}, "RequestId": "0HNLEKMCFR3G0:00000001", "RequestPath": "/dev/users/seed", "ConnectionId": "0HNLEKMCFR3G0"}
[16:05:46.108 INF] Microsoft.AspNetCore.Http.Result.ConflictObjectResult: Writing value of type '<>f__AnonymousType2`2' as Json. {"EventId": {"Id": 3, "Name": "WritingResultAsJson"}, "RequestId": "0HNLEKMCFR3G0:00000001", "RequestPath": "/dev/users/seed", "ConnectionId": "0HNLEKMCFR3G0"}
[16:05:46.108 INF] Serilog.AspNetCore.RequestLoggingMiddleware: HTTP POST /dev/users/seed responded 409 in 2.7726 ms {"RequestId": "0HNLEKMCFR3G0:00000001", "ConnectionId": "0HNLEKMCFR3G0"}
[16:05:46.146 INF] Microsoft.EntityFrameworkCore.Database.Command: Executed DbCommand (1ms) [Parameters=[@email='?'], CommandType='Text', CommandTimeout='30']
SELECT a.user_id, a.app_role, a.cognito_sub, a.created_at, a.created_by, a.email, a.is_active, a.is_deleted, a.tenant_id, a.updated_at, a.updated_by, a.xmin
FROM fsbs.app_users AS a
WHERE a.email = @email
LIMIT 1 {"EventId": {"Id": 20101, "Name": "Microsoft.EntityFrameworkCore.Database.Command.CommandExecuted"}, "RequestId": "0HNLEKMCFR3G1:00000001", "RequestPath": "/dev/users/seed", "ConnectionId": "0HNLEKMCFR3G1"}
[16:05:46.146 INF] Microsoft.AspNetCore.Http.Result.ConflictObjectResult: Setting HTTP status code 409. {"EventId": {"Id": 1, "Name": "WritingResultAsStatusCode"}, "RequestId": "0HNLEKMCFR3G1:00000001", "RequestPath": "/dev/users/seed", "ConnectionId": "0HNLEKMCFR3G1"}
[16:05:46.146 INF] Microsoft.AspNetCore.Http.Result.ConflictObjectResult: Writing value of type '<>f__AnonymousType2`2' as Json. {"EventId": {"Id": 3, "Name": "WritingResultAsJson"}, "RequestId": "0HNLEKMCFR3G1:00000001", "RequestPath": "/dev/users/seed", "ConnectionId": "0HNLEKMCFR3G1"}
[16:05:46.146 INF] Serilog.AspNetCore.RequestLoggingMiddleware: HTTP POST /dev/users/seed responded 409 in 2.8883 ms {"RequestId": "0HNLEKMCFR3G1:00000001", "ConnectionId": "0HNLEKMCFR3G1"}
[16:05:46.184 INF] Microsoft.EntityFrameworkCore.Database.Command: Executed DbCommand (1ms) [Parameters=[@email='?'], CommandType='Text', CommandTimeout='30']
SELECT a.user_id, a.app_role, a.cognito_sub, a.created_at, a.created_by, a.email, a.is_active, a.is_deleted, a.tenant_id, a.updated_at, a.updated_by, a.xmin
FROM fsbs.app_users AS a
WHERE a.email = @email
LIMIT 1 {"EventId": {"Id": 20101, "Name": "Microsoft.EntityFrameworkCore.Database.Command.CommandExecuted"}, "RequestId": "0HNLEKMCFR3G2:00000001", "RequestPath": "/dev/users/seed", "ConnectionId": "0HNLEKMCFR3G2"}
[16:05:46.185 INF] Microsoft.AspNetCore.Http.Result.ConflictObjectResult: Setting HTTP status code 409. {"EventId": {"Id": 1, "Name": "WritingResultAsStatusCode"}, "RequestId": "0HNLEKMCFR3G2:00000001", "RequestPath": "/dev/users/seed", "ConnectionId": "0HNLEKMCFR3G2"}
[16:05:46.185 INF] Microsoft.AspNetCore.Http.Result.ConflictObjectResult: Writing value of type '<>f__AnonymousType2`2' as Json. {"EventId": {"Id": 3, "Name": "WritingResultAsJson"}, "RequestId": "0HNLEKMCFR3G2:00000001", "RequestPath": "/dev/users/seed", "ConnectionId": "0HNLEKMCFR3G2"}
[16:05:46.185 INF] Serilog.AspNetCore.RequestLoggingMiddleware: HTTP POST /dev/users/seed responded 409 in 2.9389 ms {"RequestId": "0HNLEKMCFR3G2:00000001", "ConnectionId": "0HNLEKMCFR3G2"}
[16:05:46.224 INF] Microsoft.EntityFrameworkCore.Database.Command: Executed DbCommand (1ms) [Parameters=[@email='?'], CommandType='Text', CommandTimeout='30']
SELECT a.user_id, a.app_role, a.cognito_sub, a.created_at, a.created_by, a.email, a.is_active, a.is_deleted, a.tenant_id, a.updated_at, a.updated_by, a.xmin
FROM fsbs.app_users AS a
WHERE a.email = @email
LIMIT 1 {"EventId": {"Id": 20101, "Name": "Microsoft.EntityFrameworkCore.Database.Command.CommandExecuted"}, "RequestId": "0HNLEKMCFR3G3:00000001", "RequestPath": "/dev/users/seed", "ConnectionId": "0HNLEKMCFR3G3"}
[16:05:46.224 INF] Microsoft.AspNetCore.Http.Result.ConflictObjectResult: Setting HTTP status code 409. {"EventId": {"Id": 1, "Name": "WritingResultAsStatusCode"}, "RequestId": "0HNLEKMCFR3G3:00000001", "RequestPath": "/dev/users/seed", "ConnectionId": "0HNLEKMCFR3G3"}
[16:05:46.224 INF] Microsoft.AspNetCore.Http.Result.ConflictObjectResult: Writing value of type '<>f__AnonymousType2`2' as Json. {"EventId": {"Id": 3, "Name": "WritingResultAsJson"}, "RequestId": "0HNLEKMCFR3G3:00000001", "RequestPath": "/dev/users/seed", "ConnectionId": "0HNLEKMCFR3G3"}
[16:05:46.224 INF] Serilog.AspNetCore.RequestLoggingMiddleware: HTTP POST /dev/users/seed responded 409 in 2.9803 ms {"RequestId": "0HNLEKMCFR3G3:00000001", "ConnectionId": "0HNLEKMCFR3G3"}
[16:05:46.262 INF] Microsoft.EntityFrameworkCore.Database.Command: Executed DbCommand (1ms) [Parameters=[@email='?'], CommandType='Text', CommandTimeout='30']
SELECT a.user_id, a.app_role, a.cognito_sub, a.created_at, a.created_by, a.email, a.is_active, a.is_deleted, a.tenant_id, a.updated_at, a.updated_by, a.xmin
FROM fsbs.app_users AS a
WHERE a.email = @email
LIMIT 1 {"EventId": {"Id": 20101, "Name": "Microsoft.EntityFrameworkCore.Database.Command.CommandExecuted"}, "RequestId": "0HNLEKMCFR3G4:00000001", "RequestPath": "/dev/users/seed", "ConnectionId": "0HNLEKMCFR3G4"}
[16:05:46.262 INF] Microsoft.AspNetCore.Http.Result.ConflictObjectResult: Setting HTTP status code 409. {"EventId": {"Id": 1, "Name": "WritingResultAsStatusCode"}, "RequestId": "0HNLEKMCFR3G4:00000001", "RequestPath": "/dev/users/seed", "ConnectionId": "0HNLEKMCFR3G4"}
[16:05:46.262 INF] Microsoft.AspNetCore.Http.Result.ConflictObjectResult: Writing value of type '<>f__AnonymousType2`2' as Json. {"EventId": {"Id": 3, "Name": "WritingResultAsJson"}, "RequestId": "0HNLEKMCFR3G4:00000001", "RequestPath": "/dev/users/seed", "ConnectionId": "0HNLEKMCFR3G4"}
[16:05:46.262 INF] Serilog.AspNetCore.RequestLoggingMiddleware: HTTP POST /dev/users/seed responded 409 in 2.7993 ms {"RequestId": "0HNLEKMCFR3G4:00000001", "ConnectionId": "0HNLEKMCFR3G4"}
[16:05:46.299 INF] Microsoft.EntityFrameworkCore.Database.Command: Executed DbCommand (0ms) [Parameters=[@email='?'], CommandType='Text', CommandTimeout='30']
SELECT a.user_id, a.app_role, a.cognito_sub, a.created_at, a.created_by, a.email, a.is_active, a.is_deleted, a.tenant_id, a.updated_at, a.updated_by, a.xmin
FROM fsbs.app_users AS a
WHERE a.email = @email
LIMIT 1 {"EventId": {"Id": 20101, "Name": "Microsoft.EntityFrameworkCore.Database.Command.CommandExecuted"}, "RequestId": "0HNLEKMCFR3G5:00000001", "RequestPath": "/dev/users/seed", "ConnectionId": "0HNLEKMCFR3G5"}
[16:05:46.299 INF] Microsoft.AspNetCore.Http.Result.ConflictObjectResult: Setting HTTP status code 409. {"EventId": {"Id": 1, "Name": "WritingResultAsStatusCode"}, "RequestId": "0HNLEKMCFR3G5:00000001", "RequestPath": "/dev/users/seed", "ConnectionId": "0HNLEKMCFR3G5"}
[16:05:46.299 INF] Microsoft.AspNetCore.Http.Result.ConflictObjectResult: Writing value of type '<>f__AnonymousType2`2' as Json. {"EventId": {"Id": 3, "Name": "WritingResultAsJson"}, "RequestId": "0HNLEKMCFR3G5:00000001", "RequestPath": "/dev/users/seed", "ConnectionId": "0HNLEKMCFR3G5"}
[16:05:46.299 INF] Serilog.AspNetCore.RequestLoggingMiddleware: HTTP POST /dev/users/seed responded 409 in 2.2020 ms {"RequestId": "0HNLEKMCFR3G5:00000001", "ConnectionId": "0HNLEKMCFR3G5"}
[16:05:46.515 INF] Microsoft.EntityFrameworkCore.Database.Command: Executed DbCommand (1ms) [Parameters=[@email='?'], CommandType='Text', CommandTimeout='30']
SELECT a.user_id, a.app_role, a.cognito_sub, a.created_at, a.created_by, a.email, a.is_active, a.is_deleted, a.tenant_id, a.updated_at, a.updated_by, a.xmin
FROM fsbs.app_users AS a
WHERE a.email = @email
LIMIT 1 {"EventId": {"Id": 20101, "Name": "Microsoft.EntityFrameworkCore.Database.Command.CommandExecuted"}, "RequestId": "0HNLEKMCFR3G6:00000001", "RequestPath": "/dev/users/seed", "ConnectionId": "0HNLEKMCFR3G6"}
[16:05:46.515 INF] Microsoft.AspNetCore.Http.Result.ConflictObjectResult: Setting HTTP status code 409. {"EventId": {"Id": 1, "Name": "WritingResultAsStatusCode"}, "RequestId": "0HNLEKMCFR3G6:00000001", "RequestPath": "/dev/users/seed", "ConnectionId": "0HNLEKMCFR3G6"}
[16:05:46.515 INF] Microsoft.AspNetCore.Http.Result.ConflictObjectResult: Writing value of type '<>f__AnonymousType2`2' as Json. {"EventId": {"Id": 3, "Name": "WritingResultAsJson"}, "RequestId": "0HNLEKMCFR3G6:00000001", "RequestPath": "/dev/users/seed", "ConnectionId": "0HNLEKMCFR3G6"}
[16:05:46.515 INF] Serilog.AspNetCore.RequestLoggingMiddleware: HTTP POST /dev/users/seed responded 409 in 2.6438 ms {"RequestId": "0HNLEKMCFR3G6:00000001", "ConnectionId": "0HNLEKMCFR3G6"}
[16:06:10.074 INF] Microsoft.Hosting.Lifetime: Application is shutting down... {}
[16:06:10.075 DBG] Microsoft.Extensions.Hosting.Internal.Host: Hosting stopping {"EventId": {"Id": 3, "Name": "Stopping"}}
[16:06:10.078 DBG] Microsoft.Extensions.Hosting.Internal.Host: Hosting stopped {"EventId": {"Id": 4, "Name": "Stopped"}}
